<?xml version="1.0" encoding="UTF-8"?>
<!-- Generated by org.testng.reporters.JUnitReportReporter -->
<testsuite hostname="LAPTOP-OURV1CIL" failures="0" tests="1" name="com.testng.demo.TestngDemoTest" time="0.011" errors="0" timestamp="18 Jul 2022 09:30:34 GMT">
  <testcase classname="com.testng.demo.TestngDemoTest" name="TestngDemo" time="0.011"/>
</testsuite> <!-- com.testng.demo.TestngDemoTest -->
