<?xml version="1.0" encoding="UTF-8"?>
<!-- Generated by org.testng.reporters.JUnitReportReporter -->
<testsuite hostname="LAPTOP-OURV1CIL" failures="0" tests="1" name="sample.simpleTest" time="0.020" errors="0" timestamp="18 Jul 2022 10:51:11 GMT" skipped="0">
  <testcase classname="sample.simpleTest" name="hi" time="0.020"/>
</testsuite> <!-- sample.simpleTest -->
